<?xml version="1.0" encoding="UTF-8"?>
<testsuite name="CinemaTests" tests="1" skipped="0" failures="0" errors="0" timestamp="2021-07-29T13:18:23" hostname="Justins-MBP.lan" time="13.319">
  <properties/>
  <testcase name="start" classname="CinemaTests" time="13.319"/>
  <system-out><![CDATA[?[1;31m
Start test 1?[0m

  .   ____          _            __ _ _
 /\\ / ___'_ __ _ _(_)_ __  __ _ \ \ \ \
( ( )\___ | '_ | '_| | '_ \/ _` | \ \ \ \
 \\/  ___)| |_)| | | | | || (_| |  ) ) ) )
  '  |____| .__|_| |_|_| |_\__, | / / / /
 =========|_|==============|___/=/_/_/_/
 :: Spring Boot ::        (v2.3.1.RELEASE)

2021-07-29 08:18:23.544  INFO 35351 --- [    Test worker] cinema.Main                              : Starting Main on Justins-MBP.lan with PID 35351 (started by justinthomas in /Users/justinthomas/Documents/Cinema Room REST Service/Cinema Room REST Service/task)
2021-07-29 08:18:23.547  INFO 35351 --- [    Test worker] cinema.Main                              : No active profile set, falling back to default profiles: default
2021-07-29 08:18:24.583  INFO 35351 --- [    Test worker] o.s.b.w.embedded.tomcat.TomcatWebServer  : Tomcat initialized with port(s): 28852 (http)
2021-07-29 08:18:24.593  INFO 35351 --- [    Test worker] o.apache.catalina.core.StandardService   : Starting service [Tomcat]
2021-07-29 08:18:24.593  INFO 35351 --- [    Test worker] org.apache.catalina.core.StandardEngine  : Starting Servlet engine: [Apache Tomcat/9.0.36]
2021-07-29 08:18:24.676  INFO 35351 --- [    Test worker] o.a.c.c.C.[Tomcat].[localhost].[/]       : Initializing Spring embedded WebApplicationContext
2021-07-29 08:18:24.676  INFO 35351 --- [    Test worker] w.s.c.ServletWebServerApplicationContext : Root WebApplicationContext: initialization completed in 1088 ms
2021-07-29 08:18:24.909  INFO 35351 --- [    Test worker] o.s.s.concurrent.ThreadPoolTaskExecutor  : Initializing ExecutorService 'applicationTaskExecutor'
2021-07-29 08:18:25.121  INFO 35351 --- [    Test worker] o.s.b.a.e.web.EndpointLinksResolver      : Exposing 14 endpoint(s) beneath base path '/actuator'
2021-07-29 08:18:25.163  INFO 35351 --- [    Test worker] o.s.b.w.embedded.tomcat.TomcatWebServer  : Tomcat started on port(s): 28852 (http) with context path ''
2021-07-29 08:18:25.175  INFO 35351 --- [    Test worker] cinema.Main                              : Started Main in 1.924 seconds (JVM running for 2.625)
2021-07-29 08:18:25.495  INFO 35351 --- [io-28852-exec-1] o.a.c.c.C.[Tomcat].[localhost].[/]       : Initializing Spring DispatcherServlet 'dispatcherServlet'
2021-07-29 08:18:25.496  INFO 35351 --- [io-28852-exec-1] o.s.web.servlet.DispatcherServlet        : Initializing Servlet 'dispatcherServlet'
2021-07-29 08:18:25.502  INFO 35351 --- [io-28852-exec-1] o.s.web.servlet.DispatcherServlet        : Completed initialization in 5 ms
?[1;31m
Start test 2?[0m
?[1;31m
Start test 3?[0m
?[1;31m
Start test 4?[0m
?[1;31m
Start test 5?[0m
?[1;31m
Start test 6?[0m
?[1;31m
Start test 7?[0m
2021-07-29 08:18:26.232  INFO 35351 --- [     Thread-243] o.s.s.concurrent.ThreadPoolTaskExecutor  : Shutting down ExecutorService 'applicationTaskExecutor'

  .   ____          _            __ _ _
 /\\ / ___'_ __ _ _(_)_ __  __ _ \ \ \ \
( ( )\___ | '_ | '_| | '_ \/ _` | \ \ \ \
 \\/  ___)| |_)| | | | | || (_| |  ) ) ) )
  '  |____| .__|_| |_|_| |_\__, | / / / /
 =========|_|==============|___/=/_/_/_/
 :: Spring Boot ::        (v2.3.1.RELEASE)

2021-07-29 08:18:35.955  INFO 35351 --- [    Test worker] cinema.Main                              : Starting Main on Justins-MBP.lan with PID 35351 (started by justinthomas in /Users/justinthomas/Documents/Cinema Room REST Service/Cinema Room REST Service/task)
2021-07-29 08:18:35.956  INFO 35351 --- [    Test worker] cinema.Main                              : No active profile set, falling back to default profiles: default
2021-07-29 08:18:36.166  INFO 35351 --- [    Test worker] o.s.b.w.embedded.tomcat.TomcatWebServer  : Tomcat initialized with port(s): 28852 (http)
2021-07-29 08:18:36.167  INFO 35351 --- [    Test worker] o.apache.catalina.core.StandardService   : Starting service [Tomcat]
2021-07-29 08:18:36.167  INFO 35351 --- [    Test worker] org.apache.catalina.core.StandardEngine  : Starting Servlet engine: [Apache Tomcat/9.0.36]
2021-07-29 08:18:36.182  INFO 35351 --- [    Test worker] o.a.c.c.C.[Tomcat].[localhost].[/]       : Initializing Spring embedded WebApplicationContext
2021-07-29 08:18:36.182  INFO 35351 --- [    Test worker] w.s.c.ServletWebServerApplicationContext : Root WebApplicationContext: initialization completed in 224 ms
2021-07-29 08:18:36.238  INFO 35351 --- [    Test worker] o.s.s.concurrent.ThreadPoolTaskExecutor  : Initializing ExecutorService 'applicationTaskExecutor'
2021-07-29 08:18:36.303  INFO 35351 --- [    Test worker] o.s.b.a.e.web.EndpointLinksResolver      : Exposing 14 endpoint(s) beneath base path '/actuator'
2021-07-29 08:18:36.315  INFO 35351 --- [    Test worker] o.s.b.w.embedded.tomcat.TomcatWebServer  : Tomcat started on port(s): 28852 (http) with context path ''
2021-07-29 08:18:36.320  INFO 35351 --- [    Test worker] cinema.Main                              : Started Main in 0.388 seconds (JVM running for 13.77)
2021-07-29 08:18:36.327  INFO 35351 --- [io-28852-exec-1] o.a.c.c.C.[Tomcat].[localhost].[/]       : Initializing Spring DispatcherServlet 'dispatcherServlet'
2021-07-29 08:18:36.327  INFO 35351 --- [io-28852-exec-1] o.s.web.servlet.DispatcherServlet        : Initializing Servlet 'dispatcherServlet'
2021-07-29 08:18:36.329  INFO 35351 --- [io-28852-exec-1] o.s.web.servlet.DispatcherServlet        : Completed initialization in 2 ms
null
?[1;31m
Start test 8?[0m
super_secret
?[1;31m
Start test 9?[0m
?[1;31m
Start test 10?[0m
super_secret
?[1;31m
Start test 11?[0m
?[1;31m
Start test 12?[0m
super_secret
]]></system-out>
  <system-err><![CDATA[]]></system-err>
</testsuite>
